[2026-04-22 10:12:49] [INFO] [src/common/config.c:60 get_target] 配置加载成功 key=ip value=127.0.0.1
[2026-04-22 10:12:49] [INFO] [src/common/config.c:60 get_target] 配置加载成功 key=port value=9090
[2026-04-22 10:12:49] [INFO] [src/common/config.c:60 get_target] 配置加载成功 key=log value=DEBUG
[2026-04-22 10:12:49] [INFO] [src/common/config.c:60 get_target] 配置加载成功 key=client_log value=../log/client.log
[2026-04-22 10:12:49] [INFO] [src/client/client_socket.c:21 init_socket] 客户端套接字创建成功，描述符=5
[2026-04-22 10:12:49] [INFO] [src/client/client_socket.c:39 init_socket] 客户端连接成功，地址=127.0.0.1，端口=9090
[2026-04-22 10:12:49] [INFO] [src/client/client.c:127 main] 客户端已连接服务器，地址=127.0.0.1，端口=9090
[2026-04-22 10:13:15] [INFO] [src/client/client.c:38 client_login_menu] 客户端请求退出
[2026-04-22 10:15:05] [INFO] [src/common/config.c:60 get_target] 配置加载成功 key=ip value=127.0.0.1
[2026-04-22 10:15:05] [INFO] [src/common/config.c:60 get_target] 配置加载成功 key=port value=9090
[2026-04-22 10:15:05] [INFO] [src/common/config.c:60 get_target] 配置加载成功 key=log value=DEBUG
[2026-04-22 10:15:05] [INFO] [src/common/config.c:60 get_target] 配置加载成功 key=client_log value=../log/client.log
[2026-04-22 10:15:05] [INFO] [src/client/client_socket.c:21 init_socket] 客户端套接字创建成功，描述符=5
[2026-04-22 10:15:05] [INFO] [src/client/client_socket.c:39 init_socket] 客户端连接成功，地址=127.0.0.1，端口=9090
[2026-04-22 10:15:05] [INFO] [src/client/client.c:127 main] 客户端已连接服务器，地址=127.0.0.1，端口=9090
[2026-04-22 10:15:34] [DEBUG] [src/client/client_command_handle.c:61 recv_server_reply] 收到服务端响应，套接字=5，消息=用户名不存在
[2026-04-22 10:15:34] [ERROR] [src/client/client.c:55 client_login_menu] 登录/注册失败，输入=login user01/12345
[2026-04-22 10:16:15] [DEBUG] [src/client/client_command_handle.c:61 recv_server_reply] 收到服务端响应，套接字=5，消息=注册成功！请继续登录。
[2026-04-22 10:16:15] [ERROR] [src/client/client.c:55 client_login_menu] 登录/注册失败，输入=register user01/12345
[2026-04-22 10:17:04] [INFO] [src/client/client.c:38 client_login_menu] 客户端请求退出
[2026-04-22 10:22:38] [INFO] [src/common/config.c:60 get_target] 配置加载成功 key=ip value=127.0.0.1
[2026-04-22 10:22:38] [INFO] [src/common/config.c:60 get_target] 配置加载成功 key=port value=9090
[2026-04-22 10:22:38] [INFO] [src/common/config.c:60 get_target] 配置加载成功 key=log value=DEBUG
[2026-04-22 10:22:38] [INFO] [src/common/config.c:60 get_target] 配置加载成功 key=client_log value=../log/client.log
[2026-04-22 10:22:38] [INFO] [src/client/client_socket.c:21 init_socket] 客户端套接字创建成功，描述符=5
[2026-04-22 10:22:38] [INFO] [src/client/client_socket.c:39 init_socket] 客户端连接成功，地址=127.0.0.1，端口=9090
[2026-04-22 10:22:38] [INFO] [src/client/client.c:124 main] 客户端已连接服务器，地址=127.0.0.1，端口=9090
[2026-04-22 10:23:01] [INFO] [src/client/client.c:45 client_login_menu] 用户登录成功
[2026-04-22 10:23:06] [DEBUG] [src/client/client.c:168 main] 客户端开始处理命令，输入=ls
[2026-04-22 10:23:06] [DEBUG] [src/client/client_command_handle.c:61 recv_server_reply] 收到服务端响应，套接字=5，消息=当前目录为空
[2026-04-22 10:24:04] [DEBUG] [src/client/client.c:168 main] 客户端开始处理命令，输入=mkdir test01
[2026-04-22 10:24:06] [DEBUG] [src/client/client.c:168 main] 客户端开始处理命令，输入=ls
[2026-04-22 10:24:06] [DEBUG] [src/client/client_command_handle.c:61 recv_server_reply] 收到服务端响应，套接字=5，消息=[1;34mtest01/[0m 
[2026-04-22 10:24:39] [DEBUG] [src/client/client.c:168 main] 客户端开始处理命令，输入=cd test01
[2026-04-22 10:24:41] [DEBUG] [src/client/client.c:168 main] 客户端开始处理命令，输入=ls
[2026-04-22 10:24:41] [DEBUG] [src/client/client_command_handle.c:61 recv_server_reply] 收到服务端响应，套接字=5，消息=当前目录为空
[2026-04-22 10:24:44] [DEBUG] [src/client/client.c:168 main] 客户端开始处理命令，输入=cd ..
[2026-04-22 10:24:45] [DEBUG] [src/client/client.c:168 main] 客户端开始处理命令，输入=ls
[2026-04-22 10:24:45] [DEBUG] [src/client/client_command_handle.c:61 recv_server_reply] 收到服务端响应，套接字=5，消息=[1;34mtest01/[0m 
[2026-04-22 10:24:54] [DEBUG] [src/client/client.c:168 main] 客户端开始处理命令，输入=pwd
[2026-04-22 10:24:54] [DEBUG] [src/client/client_command_handle.c:61 recv_server_reply] 收到服务端响应，套接字=5，消息=/
[2026-04-22 10:25:00] [DEBUG] [src/client/client.c:168 main] 客户端开始处理命令，输入=cd test01
[2026-04-22 10:25:02] [DEBUG] [src/client/client.c:168 main] 客户端开始处理命令，输入=pwd
[2026-04-22 10:25:02] [DEBUG] [src/client/client_command_handle.c:61 recv_server_reply] 收到服务端响应，套接字=5，消息=/test01
[2026-04-22 10:25:18] [DEBUG] [src/client/client.c:168 main] 客户端开始处理命令，输入=mkdir tmp
[2026-04-22 10:25:26] [DEBUG] [src/client/client.c:168 main] 客户端开始处理命令，输入=mkdir demo
[2026-04-22 10:25:28] [DEBUG] [src/client/client.c:168 main] 客户端开始处理命令，输入=ls
[2026-04-22 10:25:28] [DEBUG] [src/client/client_command_handle.c:61 recv_server_reply] 收到服务端响应，套接字=5，消息=[1;34mtmp/[0m [1;34mdemo/[0m 
[2026-04-22 10:25:31] [DEBUG] [src/client/client.c:168 main] 客户端开始处理命令，输入=cd tmp
[2026-04-22 10:25:33] [DEBUG] [src/client/client.c:168 main] 客户端开始处理命令，输入=pwd
[2026-04-22 10:25:33] [DEBUG] [src/client/client_command_handle.c:61 recv_server_reply] 收到服务端响应，套接字=5，消息=/test01/tmp
[2026-04-22 10:25:37] [DEBUG] [src/client/client.c:168 main] 客户端开始处理命令，输入=cd ..
[2026-04-22 10:25:38] [DEBUG] [src/client/client.c:168 main] 客户端开始处理命令，输入=pwd
[2026-04-22 10:25:38] [DEBUG] [src/client/client_command_handle.c:61 recv_server_reply] 收到服务端响应，套接字=5，消息=/test01
[2026-04-22 10:25:42] [DEBUG] [src/client/client.c:168 main] 客户端开始处理命令，输入=cd ..
[2026-04-22 10:25:44] [DEBUG] [src/client/client.c:168 main] 客户端开始处理命令，输入=ls
[2026-04-22 10:25:44] [DEBUG] [src/client/client_command_handle.c:61 recv_server_reply] 收到服务端响应，套接字=5，消息=[1;34mtest01/[0m 
[2026-04-22 10:26:24] [DEBUG] [src/client/client.c:168 main] 客户端开始处理命令，输入=touch 1.txt
[2026-04-22 10:26:24] [WARN] [src/client/client_command_handle.c:103 process_command] 无效命令，输入=touch 1.txt
[2026-04-22 10:26:34] [DEBUG] [src/client/client.c:168 main] 客户端开始处理命令，输入=touch file1
[2026-04-22 10:26:34] [WARN] [src/client/client_command_handle.c:103 process_command] 无效命令，输入=touch file1
[2026-04-22 10:31:41] [INFO] [src/client/client.c:158 main] 客户端请求退出
[2026-04-22 10:31:41] [INFO] [src/client/client.c:174 main] 客户端套接字已关闭
